[    0.000000] Linux version 4.15.0-212-generic (buildd@lcy02-amd64-083) (gcc version 7.5.0 (Ubuntu 7.5.0-3ubuntu1~18.04)) #223-Ubuntu SMP Tue May 23 13:09:22 UTC 2023 (Ubuntu 4.15.0-212.223-generic 4.15.18)
[    0.000000] Command line: BOOT_IMAGE=/boot/vmlinuz-4.15.0-212-generic root=LABEL=cloudimg-rootfs ro console=tty1 console=ttyS0
[    0.000000] KERNEL supported cpus:
[    0.000000]   Intel GenuineIntel
[    0.000000]   AMD AuthenticAMD
[    0.000000]   Centaur CentaurHauls
[    0.000000] x86/fpu: x87 FPU will use FXSAVE
[    0.000000] e820: BIOS-provided physical RAM map:
[    0.000000] BIOS-e820: [mem 0x0000000000000000-0x000000000009fbff] usable
[    0.000000] BIOS-e820: [mem 0x000000000009fc00-0x000000000009ffff] reserved
[    0.000000] BIOS-e820: [mem 0x00000000000f0000-0x00000000000fffff] reserved
[    0.000000] BIOS-e820: [mem 0x0000000000100000-0x000000003ffeffff] usable
[    0.000000] BIOS-e820: [mem 0x000000003fff0000-0x000000003fffffff] ACPI data
[    0.000000] BIOS-e820: [mem 0x00000000fec00000-0x00000000fec00fff] reserved
[    0.000000] BIOS-e820: [mem 0x00000000fee00000-0x00000000fee00fff] reserved
[    0.000000] BIOS-e820: [mem 0x00000000fffc0000-0x00000000ffffffff] reserved
[    0.000000] NX (Execute Disable) protection: active
[    0.000000] SMBIOS 2.5 present.
[    0.000000] DMI: innotek GmbH VirtualBox/VirtualBox, BIOS VirtualBox 12/01/2006
[    0.000000] Hypervisor detected: KVM
[    0.000000] e820: last_pfn = 0x3fff0 max_arch_pfn = 0x400000000
[    0.000000] MTRR: Disabled
[    0.000000] x86/PAT: MTRRs disabled, skipping PAT initialization too.
[    0.000000] CPU MTRRs all blank - virtualized system.
[    0.000000] x86/PAT: Configuration [0-7]: WB  WT  UC- UC  WB  WT  UC- UC  
[    0.000000] found SMP MP-table at [mem 0x0009fff0-0x0009ffff]
[    0.000000] Scanning 1 areas for low memory corruption
[    0.000000] RAMDISK: [mem 0x359cb000-0x36cdcfff]
[    0.000000] ACPI: Early table checksum verification disabled
[    0.000000] ACPI: RSDP 0x00000000000E0000 000024 (v02 VBOX  )
[    0.000000] ACPI: XSDT 0x000000003FFF0030 00003C (v01 VBOX   VBOXXSDT 00000001 ASL  00000061)
[    0.000000] ACPI: FACP 0x000000003FFF00F0 0000F4 (v04 VBOX   VBOXFACP 00000001 ASL  00000061)
[    0.000000] ACPI: DSDT 0x000000003FFF0470 002325 (v02 VBOX   VBOXBIOS 00000002 INTL 20100528)
[    0.000000] ACPI: FACS 0x000000003FFF0200 000040
[    0.000000] ACPI: FACS 0x000000003FFF0200 000040
[    0.000000] ACPI: APIC 0x000000003FFF0240 00005C (v02 VBOX   VBOXAPIC 00000001 ASL  00000061)
[    0.000000] ACPI: SSDT 0x000000003FFF02A0 0001CC (v01 VBOX   VBOXCPUT 00000002 INTL 20100528)
[    0.000000] ACPI: Reserving FACP table memory at [mem 0x3fff00f0-0x3fff01e3]
[    0.000000] ACPI: Reserving DSDT table memory at [mem 0x3fff0470-0x3fff2794]
[    0.000000] ACPI: Reserving FACS table memory at [mem 0x3fff0200-0x3fff023f]
[    0.000000] ACPI: Reserving FACS table memory at [mem 0x3fff0200-0x3fff023f]
[    0.000000] ACPI: Reserving APIC table memory at [mem 0x3fff0240-0x3fff029b]
[    0.000000] ACPI: Reserving SSDT table memory at [mem 0x3fff02a0-0x3fff046b]
[    0.000000] No NUMA configuration found
[    0.000000] Faking a node at [mem 0x0000000000000000-0x000000003ffeffff]
[    0.000000] NODE_DATA(0) allocated [mem 0x3ffc5000-0x3ffeffff]
[    0.000000] kvm-clock: cpu 0, msr 0:3ff44001, primary cpu clock
[    0.000000] kvm-clock: Using msrs 4b564d01 and 4b564d00
[    0.000000] kvm-clock: using sched offset of 3996071594 cycles
[    0.000000] clocksource: kvm-clock: mask: 0xffffffffffffffff max_cycles: 0x1cd42e4dffb, max_idle_ns: 881590591483 ns
[    0.000000] Zone ranges:
[    0.000000]   DMA      [mem 0x0000000000001000-0x0000000000ffffff]
[    0.000000]   DMA32    [mem 0x0000000001000000-0x000000003ffeffff]
[    0.000000]   Normal   empty
[    0.000000]   Device   empty
[    0.000000] Movable zone start for each node
[    0.000000] Early memory node ranges
[    0.000000]   node   0: [mem 0x0000000000001000-0x000000000009efff]
[    0.000000]   node   0: [mem 0x0000000000100000-0x000000003ffeffff]
[    0.000000] Reserved but unavailable: 104 pages
[    0.000000] Initmem setup node 0 [mem 0x0000000000001000-0x000000003ffeffff]
[    0.000000] ACPI: PM-Timer IO Port: 0x4008
[    0.000000] IOAPIC[0]: apic_id 2, version 32, address 0xfec00000, GSI 0-23
[    0.000000] ACPI: INT_SRC_OVR (bus 0 bus_irq 0 global_irq 2 dfl dfl)
[    0.000000] ACPI: INT_SRC_OVR (bus 0 bus_irq 9 global_irq 9 low level)
[    0.000000] Using ACPI (MADT) for SMP configuration information
[    0.000000] smpboot: Allowing 2 CPUs, 0 hotplug CPUs
[    0.000000] PM: Registered nosave memory: [mem 0x00000000-0x00000fff]
[    0.000000] PM: Registered nosave memory: [mem 0x0009f000-0x0009ffff]
[    0.000000] PM: Registered nosave memory: [mem 0x000a0000-0x000effff]
[    0.000000] PM: Registered nosave memory: [mem 0x000f0000-0x000fffff]
[    0.000000] e820: [mem 0x40000000-0xfebfffff] available for PCI devices
[    0.000000] Booting paravirtualized kernel on KVM
[    0.000000] clocksource: refined-jiffies: mask: 0xffffffff max_cycles: 0xffffffff, max_idle_ns: 7645519600211568 ns
[    0.000000] setup_percpu: NR_CPUS:8192 nr_cpumask_bits:2 nr_cpu_ids:2 nr_node_ids:1
[    0.000000] percpu: Embedded 50 pages/cpu s167936 r8192 d28672 u1048576
[    0.000000] PV qspinlock hash table entries: 256 (order: 0, 4096 bytes)
[    0.000000] Built 1 zonelists, mobility grouping on.  Total pages: 257913
[    0.000000] Policy zone: DMA32
[    0.000000] Kernel command line: BOOT_IMAGE=/boot/vmlinuz-4.15.0-212-generic root=LABEL=cloudimg-rootfs ro console=tty1 console=ttyS0
[    0.000000] Memory: 982644K/1048120K available (12300K kernel code, 2477K rwdata, 4324K rodata, 2480K init, 2720K bss, 65476K reserved, 0K cma-reserved)
[    0.000000] SLUB: HWalign=64, Order=0-3, MinObjects=0, CPUs=2, Nodes=1
[    0.000000] ftrace: allocating 39508 entries in 155 pages
[    0.004000] Hierarchical RCU implementation.
[    0.004000] 	RCU restricting CPUs from NR_CPUS=8192 to nr_cpu_ids=2.
[    0.004000] 	Tasks RCU enabled.
[    0.004000] RCU: Adjusting geometry for rcu_fanout_leaf=16, nr_cpu_ids=2
[    0.004000] NR_IRQS: 524544, nr_irqs: 440, preallocated irqs: 16
[    0.004000] Console: colour VGA+ 80x25
[    0.004000] console [tty1] enabled
[    0.004000] console [ttyS0] enabled
[    0.004000] ACPI: Core revision 20170831
[    0.004000] ACPI: 2 ACPI AML tables successfully acquired and loaded
[    0.004000] APIC: Switch to symmetric I/O mode setup
[    0.008000] ..TIMER: vector=0x30 apic1=0 pin1=2 apic2=-1 pin2=-1
[    0.008000] tsc: Detected 1896.005 MHz processor
[    0.008000] Calibrating delay loop (skipped) preset value.. 3792.01 BogoMIPS (lpj=7584020)
[    0.008000] pid_max: default: 32768 minimum: 301
[    0.008000] Security Framework initialized
[    0.008000] Yama: becoming mindful.
[    0.008000] AppArmor: AppArmor initialized
[    0.008000] Dentry cache hash table entries: 131072 (order: 8, 1048576 bytes)
[    0.008000] Inode-cache hash table entries: 65536 (order: 7, 524288 bytes)
[    0.008000] Mount-cache hash table entries: 2048 (order: 2, 16384 bytes)
[    0.008000] Mountpoint-cache hash table entries: 2048 (order: 2, 16384 bytes)
[    0.009175] Last level iTLB entries: 4KB 64, 2MB 8, 4MB 8
[    0.012000] Last level dTLB entries: 4KB 64, 2MB 0, 4MB 0, 1GB 4
[    0.012000] Spectre V1 : Mitigation: usercopy/swapgs barriers and __user pointer sanitization
[    0.012000] Spectre V2 : Mitigation: Enhanced IBRS
[    0.012000] Spectre V2 : Spectre v2 / SpectreRSB mitigation: Filling RSB on context switch
[    0.012000] Spectre V2 : Spectre v2 / PBRSB-eIBRS: Retire a single CALL on VMEXIT
[    0.012000] RETBleed: Mitigation: Enhanced IBRS
[    0.012000] Speculative Store Bypass: Vulnerable
[    0.012000] MMIO Stale Data: Vulnerable: Clear CPU buffers attempted, no microcode
[    0.012000] Freeing SMP alternatives memory: 36K
[    0.122971] smpboot: CPU0: Intel(R) Core(TM) i5-8365U CPU @ 1.60GHz (family: 0x6, model: 0x8e, stepping: 0xc)
[    0.124000] Performance Events: unsupported p6 CPU model 142 no PMU driver, software events only.
[    0.124000] Hierarchical SRCU implementation.
[    0.124000] NMI watchdog: Perf event create on CPU 0 failed with -2
[    0.124000] NMI watchdog: Perf NMI watchdog permanently disabled
[    0.124000] smp: Bringing up secondary CPUs ...
[    0.124000] x86: Booting SMP configuration:
[    0.124000] .... node  #0, CPUs:      #1
[    0.004000] kvm-clock: cpu 1, msr 0:3ff44041, secondary cpu clock
[    0.128000] TSC synchronization [CPU#0 -> CPU#1]:
[    0.128000] Measured 44836 cycles TSC warp between CPUs, turning off TSC clock.
[    0.128000] tsc: Marking TSC unstable due to check_tsc_sync_source failed
[    0.132237] smp: Brought up 1 node, 2 CPUs
[    0.136000] smpboot: Max logical packages: 1
[    0.136000] smpboot: Total of 2 processors activated (7584.02 BogoMIPS)
[    0.140105] devtmpfs: initialized
[    0.143576] x86/mm: Memory block size: 128MB
[    0.144000] evm: security.selinux
[    0.144000] evm: security.SMACK64
[    0.144000] evm: security.SMACK64EXEC
[    0.144000] evm: security.SMACK64TRANSMUTE
[    0.144000] evm: security.SMACK64MMAP
[    0.144000] evm: security.apparmor
[    0.144000] evm: security.ima
[    0.144000] evm: security.capability
[    0.144538] clocksource: jiffies: mask: 0xffffffff max_cycles: 0xffffffff, max_idle_ns: 7645041785100000 ns
[    0.148000] futex hash table entries: 512 (order: 3, 32768 bytes)
[    0.148000] pinctrl core: initialized pinctrl subsystem
[    0.148000] RTC time: 20:21:33, date: 07/04/24
[    0.148000] NET: Registered protocol family 16
[    0.148000] audit: initializing netlink subsys (disabled)
[    0.148404] audit: type=2000 audit(1720124498.361:1): state=initialized audit_enabled=0 res=1
[    0.156034] cpuidle: using governor ladder
[    0.160000] cpuidle: using governor menu
[    0.160000] ACPI: bus type PCI registered
[    0.160000] acpiphp: ACPI Hot Plug PCI Controller Driver version: 0.5
[    0.160000] PCI: Using configuration type 1 for base access
[    0.164360] HugeTLB registered 2.00 MiB page size, pre-allocated 0 pages
[    0.168500] ACPI: Added _OSI(Module Device)
[    0.172000] ACPI: Added _OSI(Processor Device)
[    0.172000] ACPI: Added _OSI(3.0 _SCP Extensions)
[    0.172000] ACPI: Added _OSI(Processor Aggregator Device)
[    0.172000] ACPI: Added _OSI(Linux-Dell-Video)
[    0.172000] ACPI: Added _OSI(Linux-Lenovo-NV-HDMI-Audio)
[    0.172000] ACPI: Added _OSI(Linux-HPI-Hybrid-Graphics)
[    0.172783] ACPI: Executed 1 blocks of module-level executable AML code
[    0.178144] ACPI: Interpreter enabled
[    0.180000] ACPI: (supports S0 S5)
[    0.180000] ACPI: Using IOAPIC for interrupt routing
[    0.180357] PCI: Using host bridge windows from ACPI; if necessary, use "pci=nocrs" and report a bug
[    0.184000] ACPI: Enabled 2 GPEs in block 00 to 07
[    0.198500] ACPI: PCI Root Bridge [PCI0] (domain 0000 [bus 00-ff])
[    0.200000] acpi PNP0A03:00: _OSC: OS supports [ASPM ClockPM Segments MSI]
[    0.200739] acpi PNP0A03:00: _OSC: not requesting OS control; OS requires [ExtendedConfig ASPM ClockPM MSI]
[    0.204000] acpi PNP0A03:00: fail to add MMCONFIG information, can't access extended PCI configuration space under this bridge.
[    0.204779] PCI host bridge to bus 0000:00
[    0.208000] pci_bus 0000:00: root bus resource [io  0x0000-0x0cf7 window]
[    0.208000] pci_bus 0000:00: root bus resource [io  0x0d00-0xffff window]
[    0.208000] pci_bus 0000:00: root bus resource [mem 0x000a0000-0x000bffff window]
[    0.208000] pci_bus 0000:00: root bus resource [mem 0x40000000-0xfdffffff window]
[    0.208000] pci_bus 0000:00: root bus resource [bus 00-ff]
[    0.212000] pci 0000:00:01.1: legacy IDE quirk: reg 0x10: [io  0x01f0-0x01f7]
[    0.212000] pci 0000:00:01.1: legacy IDE quirk: reg 0x14: [io  0x03f6]
[    0.212000] pci 0000:00:01.1: legacy IDE quirk: reg 0x18: [io  0x0170-0x0177]
[    0.212000] pci 0000:00:01.1: legacy IDE quirk: reg 0x1c: [io  0x0376]
[    0.230437] pci 0000:00:07.0: quirk: [io  0x4000-0x403f] claimed by PIIX4 ACPI
[    0.232000] pci 0000:00:07.0: quirk: [io  0x4100-0x410f] claimed by PIIX4 SMB
[    0.244524] ACPI: PCI Interrupt Link [LNKA] (IRQs 5 9 10 *11)
[    0.248536] ACPI: PCI Interrupt Link [LNKB] (IRQs 5 9 *10 11)
[    0.252000] ACPI: PCI Interrupt Link [LNKC] (IRQs 5 *9 10 11)
[    0.252000] ACPI: PCI Interrupt Link [LNKD] (IRQs 5 9 10 *11)
[    0.252000] SCSI subsystem initialized
[    0.252264] pci 0000:00:02.0: vgaarb: setting as boot VGA device
[    0.256000] pci 0000:00:02.0: vgaarb: VGA device added: decodes=io+mem,owns=io+mem,locks=none
[    0.256000] pci 0000:00:02.0: vgaarb: bridge control possible
[    0.256000] vgaarb: loaded
[    0.256000] ACPI: bus type USB registered
[    0.256000] usbcore: registered new interface driver usbfs
[    0.256000] usbcore: registered new interface driver hub
[    0.256000] usbcore: registered new device driver usb
[    0.256000] EDAC MC: Ver: 3.0.0
[    0.256000] PCI: Using ACPI for IRQ routing
[    0.256000] NetLabel: Initializing
[    0.256000] NetLabel:  domain hash size = 128
[    0.256000] NetLabel:  protocols = UNLABELED CIPSOv4 CALIPSO
[    0.256000] NetLabel:  unlabeled traffic allowed by default
[    0.256207] clocksource: Switched to clocksource kvm-clock
[    0.260000] VFS: Disk quotas dquot_6.6.0
[    0.260000] VFS: Dquot-cache hash table entries: 512 (order 0, 4096 bytes)
[    0.260000] AppArmor: AppArmor Filesystem Enabled
[    0.260000] pnp: PnP ACPI init
[    0.322372] pnp: PnP ACPI: found 3 devices
[    0.371289] clocksource: acpi_pm: mask: 0xffffff max_cycles: 0xffffff, max_idle_ns: 2085701024 ns
[    0.372120] NET: Registered protocol family 2
[    0.372120] IP idents hash table entries: 16384 (order: 5, 131072 bytes)
[    0.372120] TCP established hash table entries: 8192 (order: 4, 65536 bytes)
[    0.391118] TCP bind hash table entries: 8192 (order: 5, 131072 bytes)
[    0.391118] TCP: Hash tables configured (established 8192 bind 8192)
[    0.391118] UDP hash table entries: 512 (order: 2, 16384 bytes)
[    0.391118] UDP-Lite hash table entries: 512 (order: 2, 16384 bytes)
[    0.391118] NET: Registered protocol family 1
[    0.391118] pci 0000:00:00.0: Limiting direct PCI/PCI transfers
[    0.391118] pci 0000:00:01.0: Activating ISA DMA hang workarounds
[    0.391118] pci 0000:00:02.0: Video device with shadowed ROM at [mem 0x000c0000-0x000dffff]
[    0.391118] Unpacking initramfs...
[    0.391118] Freeing initrd memory: 19528K
[    0.936958] clocksource: tsc: mask: 0xffffffffffffffff max_cycles: 0x36a8dbeda2c, max_idle_ns: 881590646291 ns
[    0.940610] platform rtc_cmos: registered platform RTC device (no PNP device found)
[    0.940610] Scanning for low memory corruption every 60 seconds
[    0.960417] Initialise system trusted keyrings
[    0.963739] Key type blacklist registered
[    0.969402] workingset: timestamp_bits=36 max_order=18 bucket_order=0
[    0.973011] zbud: loaded
[    0.981532] squashfs: version 4.0 (2009/01/31) Phillip Lougher
[    0.987495] fuse init (API version 7.26)
[    1.015842] Key type asymmetric registered
[    1.019832] Asymmetric key parser 'x509' registered
[    1.020937] Block layer SCSI generic (bsg) driver version 0.4 loaded (major 246)
[    1.032960] io scheduler noop registered
[    1.036948] io scheduler deadline registered
[    1.036948] io scheduler cfq registered (default)
[    1.046183] ACPI: AC Adapter [AC] (on-line)
[    1.049557] input: Power Button as /devices/LNXSYSTM:00/LNXPWRBN:00/input/input0
[    1.057446] ACPI: Power Button [PWRF]
[    1.061558] input: Sleep Button as /devices/LNXSYSTM:00/LNXSLPBN:00/input/input1
[    1.065343] ACPI: Sleep Button [SLPF]
[    1.074475] ACPI: Battery Slot [BAT0] (battery present)
[    1.076538] Serial: 8250/16550 driver, 32 ports, IRQ sharing enabled
[    1.117355] 00:02: ttyS0 at I/O 0x3f8 (irq = 4, base_baud = 115200) is a 16550A
[    1.120103] Linux agpgart interface v0.103
[    1.136739] loop: module loaded
[    1.145107] scsi host0: ata_piix
[    1.150345] scsi host1: ata_piix
[    1.153872] ata1: PATA max UDMA/33 cmd 0x1f0 ctl 0x3f6 bmdma 0xd000 irq 14
[    1.154138] ata2: PATA max UDMA/33 cmd 0x170 ctl 0x376 bmdma 0xd008 irq 15
[    1.154138] tun: Universal TUN/TAP device driver, 1.6
[    1.167348] PPP generic driver version 2.4.2
[    1.167348] ehci_hcd: USB 2.0 'Enhanced' Host Controller (EHCI) Driver
[    1.167348] ehci-pci: EHCI PCI platform driver
[    1.167348] ehci-platform: EHCI generic platform driver
[    1.167348] ohci_hcd: USB 1.1 'Open' Host Controller (OHCI) Driver
[    1.167348] ohci-pci: OHCI PCI platform driver
[    1.167348] ohci-platform: OHCI generic platform driver
[    1.167348] uhci_hcd: USB Universal Host Controller Interface driver
[    1.167348] i8042: PNP: PS/2 Controller [PNP0303:PS2K,PNP0f03:PS2M] at 0x60,0x64 irq 1,12
[    1.228770] serio: i8042 KBD port at 0x60,0x64 irq 1
[    1.230981] serio: i8042 AUX port at 0x60,0x64 irq 12
[    1.230981] mousedev: PS/2 mouse device common for all mice
[    1.247649] rtc_cmos rtc_cmos: rtc core: registered rtc_cmos as rtc0
[    1.249851] rtc_cmos rtc_cmos: alarms up to one day, 114 bytes nvram
[    1.249851] i2c /dev entries driver
[    1.249851] device-mapper: uevent: version 1.0.3
[    1.249851] device-mapper: ioctl: 4.37.0-ioctl (2017-09-20) initialised: dm-devel@redhat.com
[    1.280022] ledtrig-cpu: registered to indicate activity on CPUs
[    1.290357] NET: Registered protocol family 10
[    1.297773] input: AT Translated Set 2 keyboard as /devices/platform/i8042/serio0/input/input2
[    1.314558] Segment Routing with IPv6
[    1.318529] NET: Registered protocol family 17
[    1.324633] Key type dns_resolver registered
[    1.356456] mce: Using 0 MCE banks
[    1.360328] RAS: Correctable Errors collector initialized.
[    1.360328] sched_clock: Marking stable (1356328850, 0)->(2400592795, -1044263945)
[    1.378038] registered taskstats version 1
[    1.382562] Loading compiled-in X.509 certificates
[    1.418260] Loaded X.509 cert 'Build time autogenerated kernel key: b5b26778eaa3ab3a4a6cee031137706e947d12ad'
[    1.428549] Loaded X.509 cert 'Canonical Ltd. Live Patch Signing: 14df34d1a87cf37625abec039ef2bf521249b969'
[    1.438730] Loaded X.509 cert 'Canonical Ltd. Kernel Module Signing: 88f752e560a1e0737e31163a466ad7b70a850c19'
[    1.448617] blacklist: Loading compiled-in revocation X.509 certificates
[    1.455548] Loaded X.509 cert 'Canonical Ltd. Secure Boot Signing: 61482aa2830d0ab2ad5af10b7250da9033ddcef0'
[    1.465638] Loaded X.509 cert 'Canonical Ltd. Secure Boot Signing (2017): 242ade75ac4a15e50d50c84b0d45ff3eae707a03'
[    1.475937] Loaded X.509 cert 'Canonical Ltd. Secure Boot Signing (ESM 2018): 365188c1d374d6b07c3c8f240f8ef722433d6a8b'
[    1.486776] Loaded X.509 cert 'Canonical Ltd. Secure Boot Signing (2019): c0746fd6c5da3ae827864651ad66ae47fe24b3e8'
[    1.497110] Loaded X.509 cert 'Canonical Ltd. Secure Boot Signing (2021 v1): a8d54bbb3825cfb94fa13c9f8a594a195c107b8d'
[    1.507899] Loaded X.509 cert 'Canonical Ltd. Secure Boot Signing (2021 v2): 4cf046892d6fd3c9a5b03f98d845f90851dc6a8c'
[    1.518478] Loaded X.509 cert 'Canonical Ltd. Secure Boot Signing (2021 v3): 100437bb6de6e469b581e61cd66bce3ef4ed53af'
[    1.529286] Loaded X.509 cert 'Canonical Ltd. Secure Boot Signing (Ubuntu Core 2019): c1d57b8f6b743f23ee41f4f7ee292f06eecadfb9'
[    1.540496] zswap: loaded using pool lzo/zbud
[    1.557863] Key type big_key registered
[    1.562370] Key type trusted registered
[    1.571870] Key type encrypted registered
[    1.576743] AppArmor: AppArmor sha1 policy hashing enabled
[    1.582628] ima: No TPM chip found, activating TPM-bypass! (rc=-19)
[    1.589366] ima: Allocated hash algorithm: sha1
[    1.595152] evm: HMAC attrs: 0x1
[    1.599750]   Magic number: 0:252:396
[    1.605357] rtc_cmos rtc_cmos: setting system clock to 2024-07-04 20:21:35 UTC (1720124495)
[    1.615024] BIOS EDD facility v0.16 2004-Jun-25, 0 devices found
[    1.621756] EDD information not available.
[    1.631415] Freeing unused kernel image memory: 2480K
[    1.656797] Write protecting the kernel read-only data: 20480k
[    1.664818] Freeing unused kernel image memory: 2008K
[    1.670974] Freeing unused kernel image memory: 1820K
[    1.684510] x86/mm: Checked W+X mappings: passed, no W+X pages found.
Loading, please wait...
starting version 237
[    2.000980] e1000: Intel(R) PRO/1000 Network Driver - version 7.3.21-k8-NAPI
[    2.008412] e1000: Copyright (c) 1999-2006 Intel Corporation.
[    2.011650] Fusion MPT base driver 3.04.20
[    2.019220] Copyright (c) 1999-2008 LSI Corporation
[    3.041043] Fusion MPT SPI Host driver 3.04.20
[    3.299854] input: ImExPS/2 Generic Explorer Mouse as /devices/platform/i8042/serio1/input/input4
[    3.925064] e1000 0000:00:03.0 eth0: (PCI:33MHz:32-bit) 02:3b:7b:b7:3b:2d
[    3.931180] e1000 0000:00:03.0 eth0: Intel(R) PRO/1000 Network Connection
[    3.939966] mptbase: ioc0: Initiating bringup
[    4.068652] ioc0: LSI53C1030 A0: Capabilities={Initiator}
[    5.908504] scsi host2: ioc0: LSI53C1030 A0, FwRev=00000000h, Ports=1, MaxQ=256, IRQ=20
[    7.054085] scsi 2:0:0:0: Direct-Access     VBOX     HARDDISK         1.0  PQ: 0 ANSI: 5
[    7.092199] scsi target2:0:0: Beginning Domain Validation
[    7.104015] scsi target2:0:0: Domain Validation skipping write tests
[    7.109306] scsi target2:0:0: Ending Domain Validation
[    7.614498] scsi target2:0:0: asynchronous
[    7.621507] scsi 2:0:1:0: Direct-Access     VBOX     HARDDISK         1.0  PQ: 0 ANSI: 5
[    7.896343] scsi target2:0:1: Beginning Domain Validation
[    7.907556] scsi target2:0:1: Domain Validation skipping write tests
[    7.913616] scsi target2:0:1: Ending Domain Validation
[    7.918553] scsi target2:0:1: asynchronous
[    7.940289] sd 2:0:0:0: Attached scsi generic sg0 type 0
[    7.941308] e1000 0000:00:08.0 eth1: (PCI:33MHz:32-bit) 08:00:27:13:53:d4
[    7.946376] sd 2:0:0:0: [sda] 83886080 512-byte logical blocks: (42.9 GB/40.0 GiB)
[    7.951563] e1000 0000:00:08.0 eth1: Intel(R) PRO/1000 Network Connection
[    7.958712] sd 2:0:1:0: Attached scsi generic sg1 type 0
[    7.965369] sd 2:0:0:0: [sda] Write Protect is off
[    7.970196] sd 2:0:1:0: [sdb] 20480 512-byte logical blocks: (10.5 MB/10.0 MiB)
[    7.981545] sd 2:0:1:0: [sdb] Write Protect is off
[    7.986795] sd 2:0:0:0: [sda] Incomplete mode parameter data
[    7.986964] sd 2:0:1:0: [sdb] Incomplete mode parameter data
[    7.992278] sd 2:0:0:0: [sda] Assuming drive cache: write through
[    7.997346] sd 2:0:1:0: [sdb] Assuming drive cache: write through
[    8.015924]  sda: sda1
[    8.019365] sd 2:0:1:0: [sdb] Attached SCSI disk
[    8.027819] sd 2:0:0:0: [sda] Attached SCSI disk
[    8.042455] e1000 0000:00:08.0 enp0s8: renamed from eth1
[    8.081645] e1000 0000:00:03.0 enp0s3: renamed from eth0
Begin: Loading essential drivers ... [   10.416154] raid6: sse2x1   gen()  8761 MB/s
[   12.000000] raid6: sse2x1   xor() 147126 MB/s
[   13.044658] raid6: sse2x2   gen() 13459 MB/s
[   14.040698] raid6: sse2x2   xor()  8432 MB/s
[   16.000294] raid6: sse2x4   gen() 328093 MB/s
[   18.003426] raid6: sse2x4   xor() 204544 MB/s
[   18.008732] raid6: using algorithm sse2x4 gen() 328093 MB/s
[   18.014616] raid6: .... xor() 204544 MB/s, rmw enabled
[   18.020508] raid6: using ssse3x2 recovery algorithm
[   18.030584] xor: measuring software checksum speed
[   23.008956]    prefetch64-sse: 724250.704 MB/sec
[   23.116938]    generic_sse: 54307.000 MB/sec
[   23.121242] xor: using function: prefetch64-sse (724250.704 MB/sec)
[   23.129469] async_tx: api initialized (async)
done.
Begin: Running /scripts/init-premount ... done.
Begin: Mounting root file system ... Begin: Running /scripts/local-top ... done.
Begin: Running /scripts/local-premount ... [   23.194633] Btrfs loaded, crc32c=crc32c-intel
Scanning for Btrfs filesystems
done.
Warning: fsck not present, so skipping root file system
[   23.257658] EXT4-fs (sda1): mounted filesystem with ordered data mode. Opts: (null)
done.
Begin: Running /scripts/local-bottom ... done.
Begin: Running /scripts/init-bottom ... done.
[   23.602833] ip_tables: (C) 2000-2006 Netfilter Core Team
[   23.629959] systemd[1]: systemd 237 running in system mode. (+PAM +AUDIT +SELINUX +IMA +APPARMOR +SMACK +SYSVINIT +UTMP +LIBCRYPTSETUP +GCRYPT +GNUTLS +ACL +XZ +LZ4 +SECCOMP +BLKID +ELFUTILS +KMOD -IDN2 +IDN -PCRE2 default-hierarchy=hybrid)
[   23.654670] systemd[1]: Detected virtualization oracle.
[   23.661763] systemd[1]: Detected architecture x86-64.

Welcome to [1mUbuntu 18.04.6 LTS[0m!

[   23.705072] systemd[1]: Set hostname to <ubuntu>.
[   23.716794] random: systemd: uninitialized urandom read (16 bytes read)
[   23.724714] systemd[1]: Initializing machine ID from random generator.
[   23.732876] systemd[1]: Installed transient /etc/machine-id file.
[   24.202751] random: systemd: uninitialized urandom read (16 bytes read)
[   24.210266] systemd[1]: Set up automount Arbitrary Executable File Formats File System Automount Point.
[[0;32m  OK  [0m] Set up automount Arbitrary Executab…rmats File System Automount Point.
[   24.223663] random: systemd: uninitialized urandom read (16 bytes read)
[   24.230428] systemd[1]: Reached target System Time Synchronized.
[[0;32m  OK  [0m] Reached target System Time Synchronized.
[   24.239274] systemd[1]: Reached target User and Group Name Lookups.
[[0;32m  OK  [0m] Reached target User and Group Name Lookups.
[   24.247794] systemd[1]: Reached target Mounting snaps.
[[0;32m  OK  [0m] Reached target Mounting snaps.
[[0;32m  OK  [0m] Created slice System Slice.
[[0;32m  OK  [0m] Listening on Journal Socket (/dev/log).
[[0;32m  OK  [0m] Listening on udev Kernel Socket.
[[0;32m  OK  [0m] Listening on Syslog Socket.
[[0;32m  OK  [0m] Listening on /dev/initctl Compatibility Named Pipe.
[[0;32m  OK  [0m] Created slice system-serial\x2dgetty.slice.
[[0;32m  OK  [0m] Listening on Network Service Netlink Socket.
[[0;32m  OK  [0m] Listening on Device-mapper event daemon FIFOs.
[[0;32m  OK  [0m] Started Forward Password Requests to Wall Directory Watch.
[[0;32m  OK  [0m] Created slice User and Session Slice.
[[0;32m  OK  [0m] Reached target Swap.
[[0;32m  OK  [0m] Listening on fsck to fsckd communication Socket.
[[0;32m  OK  [0m] Reached target Slices.
[[0;32m  OK  [0m] Listening on LVM2 poll daemon socket.
[[0;32m  OK  [0m] Listening on udev Control Socket.
[[0;32m  OK  [0m] Listening on LVM2 metadata daemon socket.
[[0;32m  OK  [0m] Listening on Journal Socket.
         Mounting Huge Pages File System...
         Starting Create list of required st…ce nodes for the current kernel...
         Starting Uncomplicated firewall...
         Starting Monitoring of LVM2 mirrors…ng dmeventd or progress polling...
         Mounting Kernel Debug File System...
         Starting File System Check on Root Device...
         Starting Load Kernel Modules...
         Starting udev Coldplug all Devices...
         Starting Set the console keyboard layout...
         Mounting POSIX Message Queue File System...
[[0;32m  OK  [0m] Listening on Journal Audit Socket.
         Starting Journal Service...
[[0;32m  OK  [0m] Reached target Mounted snaps.
[[0;32m  OK  [0m] Mounted Huge Pages File System.
[[0;32m  OK  [0m] Started Create list of required sta…vice nodes for the current kernel.
[[0;32m  OK  [0m] Started Uncomplicated firewall.
[[0;32m  OK  [0m] Mounted Kernel Debug File System.
[[0;32m  OK  [0m] Mounted POSIX Message Queue File System.
         Starting Create Static Device Nodes in /dev...
[[0;32m  OK  [0m] Started File System Check Daemon to report status.
[[0;32m  OK  [0m] Started LVM2 metadata daemon.
[   24.478969] Loading iSCSI transport class v2.0-870.
[[0;32m  OK  [0m] Started udev Coldplug all Devices.
[[0;32m  OK  [0m] Started Journal Service.
[[0;32m  OK  [0m] Started Create Static Device Nodes in /dev.
[   24.635995] iscsi: registered transport (tcp)
[[0;32m  OK  [0m] Started File System Check on Root Device.
         Starting Remount Root and Kernel File Systems...
[[0;32m  OK  [0m] Started Monitoring of LVM2 mirrors,…sing dmeventd or progress polling.
[   24.723143] iscsi: registered transport (iser)
[[0;32m  OK  [0m] Started Load Kernel Modules.
[   24.737367] random: systemd: uninitialized urandom read (16 bytes read)
[   24.746796] random: systemd-journal: uninitialized urandom read (16 bytes read)
         Mounting Kernel Configuration File System...
[   24.756406] random: systemd: uninitialized urandom read (16 bytes read)
         Mounting FUSE Control File System...
         Starting Apply Kernel Variables...
[[0;32m  OK  [0m] Mounted Kernel Configuration File System.
[[0;32m  OK  [0m] Mounted FUSE Control File System.
[   24.788924] EXT4-fs (sda1): re-mounted. Opts: (null)
[[0;32m  OK  [0m] Started Remount Root and Kernel File Systems.
         Starting udev Kernel Device Manager...
         Starting Flush Journal to Persistent Storage...
         Starting Load/Save Random Seed...
[   24.904908] systemd-journald[394]: Received request to flush runtime journal from PID 1
[[0;32m  OK  [0m] Started Load/Save Random Seed.
[[0;32m  OK  [0m] Started udev Kernel Device Manager.
[[0;32m  OK  [0m] Started Apply Kernel Variables.
[[0;32m  OK  [0m] Started Flush Journal to Persistent Storage.
[[0;32m  OK  [0m] Found device /dev/ttyS0.
[[0;32m  OK  [0m] Listening on Load/Save RF Kill Switch Status /dev/rfkill Watch.
[[0;32m  OK  [0m] Started Set the console keyboard layout.
[[0;32m  OK  [0m] Started Dispatch Password Requests to Console Directory Watch.
[[0;32m  OK  [0m] Reached target Local Encrypted Volumes.
[[0;32m  OK  [0m] Reached target Local File Systems (Pre).
[[0;32m  OK  [0m] Reached target Local File Systems.
         Starting Tell Plymouth To Write Out Runtime Data...
         Starting Commit a transient machine-id on disk...
         Starting Set console font and keymap...
         Starting AppArmor initialization...
         Starting ebtables ruleset management...
         Starting Create Volatile Files and Directories...
[[0;32m  OK  [0m] Started Tell Plymouth To Write Out Runtime Data.
[[0;32m  OK  [0m] Started Create Volatile Files and Directories.
         Starting Update UTMP about System Boot/Shutdown...
[[0;32m  OK  [0m] Started Update UTMP about System Boot/Shutdown.
         Mounting Arbitrary Executable File Formats File System...
[[0;32m  OK  [0m] Started Commit a transient machine-id on disk.
[[0;32m  OK  [0m] Mounted Arbitrary Executable File Formats File System.
[[0;32m  OK  [0m] Started ebtables ruleset management.
[[0;32m  OK  [0m] Started AppArmor initialization.
         Starting Initial cloud-init job (pre-networking)...
         Starting Load AppArmor profiles managed internally by snapd...
[[0;32m  OK  [0m] Started Load AppArmor profiles managed internally by snapd.
[[0;32m  OK  [0m] Started Set console font and keymap.
[   30.235280] cloud-init[739]: Cloud-init v. 23.1.2-0ubuntu0~18.04.1 running 'init-local' at Thu, 04 Jul 2024 20:22:03 +0000. Up 29.80 seconds.
[[0;32m  OK  [0m] Started Initial cloud-init job (pre-networking).
[[0;32m  OK  [0m] Reached target Network (Pre).
         Starting Network Service...
[[0;32m  OK  [0m] Started Network Service.
         Starting Wait for Network to be Configured...
         Starting Network Name Resolution...
[[0;32m  OK  [0m] Started Network Name Resolution.
[[0;32m  OK  [0m] Reached target Host and Network Name Lookups.
[[0;32m  OK  [0m] Reached target Network.
[[0;32m  OK  [0m] Started Wait for Network to be Configured.
         Starting Initial cloud-init job (metadata service crawler)...
[   31.908360] cloud-init[908]: Cloud-init v. 23.1.2-0ubuntu0~18.04.1 running 'init' at Thu, 04 Jul 2024 20:22:05 +0000. Up 31.78 seconds.
[   31.915013] cloud-init[908]: ci-info: ++++++++++++++++++++++++++++++++++++++Net device info+++++++++++++++++++++++++++++++++++++++
[   31.918513] cloud-init[908]: ci-info: +--------+-------+----------------------------+---------------+--------+-------------------+
[   31.921964] cloud-init[908]: ci-info: | Device |   Up  |          Address           |      Mask     | Scope  |     Hw-Address    |
[   31.926334] cloud-init[908]: ci-info: +--------+-------+----------------------------+---------------+--------+-------------------+
[   31.931624] cloud-init[908]: ci-info: | enp0s3 |  True |         10.0.2.15          | 255.255.255.0 | global | 02:3b:7b:b7:3b:2d |
[   31.940637] cloud-init[908]: ci-info: | enp0s3 |  True | fe80::3b:7bff:feb7:3b2d/64 |       .       |  link  | 02:3b:7b:b7:3b:2d |
[   31.945831] cloud-init[908]: ci-info: | enp0s8 | False |             .              |       .       |   .    | 08:00:27:13:53:d4 |
[   31.952454] cloud-init[908]: ci-info: |   lo   |  True |         127.0.0.1          |   255.0.0.0   |  host  |         .         |
[   31.959091] cloud-init[908]: ci-info: |   lo   |  True |          ::1/128           |       .       |  host  |         .         |
[   31.964852] cloud-init[908]: ci-info: +--------+-------+----------------------------+---------------+--------+-------------------+
[   31.970168] cloud-init[908]: ci-info: ++++++++++++++++++++++++++++Route IPv4 info+++++++++++++++++++++++++++++
[   31.978078] cloud-init[908]: ci-info: +-------+-------------+----------+-----------------+-----------+-------+
[   31.981624] cloud-init[908]: ci-info: | Route | Destination | Gateway  |     Genmask     | Interface | Flags |
[   31.994931] cloud-init[908]: ci-info: +-------+-------------+----------+-----------------+-----------+-------+
[   31.998919] cloud-init[908]: ci-info: |   0   |   0.0.0.0   | 10.0.2.2 |     0.0.0.0     |   enp0s3  |   UG  |
[   32.003021] cloud-init[908]: ci-info: |   1   |   10.0.2.0  | 0.0.0.0  |  255.255.255.0  |   enp0s3  |   U   |
[   32.006857] cloud-init[908]: ci-info: |   2   |   10.0.2.2  | 0.0.0.0  | 255.255.255.255 |   enp0s3  |   UH  |
[   32.009828] cloud-init[908]: ci-info: +-------+-------------+----------+-----------------+-----------+-------+
[   32.013504] cloud-init[908]: ci-info: +++++++++++++++++++Route IPv6 info+++++++++++++++++++
[   32.017336] cloud-init[908]: ci-info: +-------+-------------+---------+-----------+-------+
[   32.019938] cloud-init[908]: ci-info: | Route | Destination | Gateway | Interface | Flags |
[   32.022650] cloud-init[908]: ci-info: +-------+-------------+---------+-----------+-------+
[   32.026113] cloud-init[908]: ci-info: |   1   |  fe80::/64  |    ::   |   enp0s3  |   U   |
[   32.028961] cloud-init[908]: ci-info: |   3   |    local    |    ::   |   enp0s3  |   U   |
[   32.031587] cloud-init[908]: ci-info: |   4   |   ff00::/8  |    ::   |   enp0s3  |   U   |
[   32.034153] cloud-init[908]: ci-info: +-------+-------------+---------+-----------+-------+
[   33.252509] cloud-init[908]: Generating public/private rsa key pair.
[   33.324778] cloud-init[908]: Your identification has been saved in /etc/ssh/ssh_host_rsa_key.
[   33.330972] cloud-init[908]: Your public key has been saved in /etc/ssh/ssh_host_rsa_key.pub.
[[0;32m  OK  [0m] Started Initial cloud-init job (metadata service crawler).[   33.334828] 
cloud-init[908]: The key fingerprint is:
[   33.340332] cloud-init[908]: SHA256:tL77gKisail2hQODJYCVdtb0VQ8IxcCHD0hs592/jW0 root@ubuntu-bionic
[   33.345090] cloud-init[908]: The key's randomart image is:
[[   33.347654] [0;32m  OK  [0mcloud-init] [908]: Reached target Cloud-config availability.+---[RSA 2048]----+

[[0;32m  OK  [0m] Reached target System Initialization.
[   33.352069] cloud-init[908]: |+... =ooo*ooo    |
[   33.357984] cloud-init[908]: |o + o =.=.+  o   |
[[0;32m  OK  [0m] Listening on D-Bus System Message Bus Socket.
[   33.360340] cloud-init[908]: |.+ o . oo= .  .  |
[   33.366838] cloud-init[908]: |.o     ...o .    |
[[0;32m  OK  [0m] Started Message of the Day.
[[0;32m  OK  [0m] Started Daily Cleanup of Temporary Directories.
         Starting Socket activation for snappy daemon.
[   33.375760] cloud-init[908]: |  o .   S    .   |
[[0;32m  OK  [0m] Started ACPI Events Check.
[[0;32m  OK  [0m] Started Daily apt download activities.
[[0;32m  OK  [0m] Listening on cloud-init hotplug hook socket.
[   34.056345] cloud-init[908]: |   o o o      .  |
[   34.068948] cloud-init[908]: |  . + . o      = |
[[0;32m  OK  [0m] Listening on ACPID Listen Socket.
[   34.069059] cloud-init[908]: |.= o     o    o E|[
[0;32m  OK  [0m] Started Discard unused blocks once a week.
[   34.076994] [cloud-init[0;32m  OK  [0m[908]: ] |B.+     oo.    . |Listening on Open-iSCSI iscsid Socket.

[   34.080947] cloud-init[908]: +----[SHA256]-----+
[[0;32m  OK  [0m] Reached target Paths.[   34.082970] 
cloud-init[908]: Generating public/private dsa key pair.
[   34.087450] cloud-init[908]: Your identification has been saved in /etc/ssh/ssh_host_dsa_key.
[   34.095643] cloud-init[908]: Your public key has been saved in /etc/ssh/ssh_host_dsa_key.pub.
[   34.095792] cloud-init[908]: The key fingerprint is:
[   34.095827] cloud-init[908]: SHA256:SHXwaeUvrUCIKcVZB1t2PWvQmjVCsC7a1vjKt2dmQf8 root@ubuntu-bionic
[   34.095863] cloud-init[908]: The key's randomart image is:
         Starting LXD - unix socket.
[   34.095893] cloud-init[908]: +---[DSA 1024]----+
[   34.110902] cloud-init[908]: |     ..o=o*o+o   |
[   34.113118] [cloud-init[0;32m  OK  [0m[908]: ] |     .o+ O *o *  |Listening on UUID daemon activation socket.

[   34.117478] cloud-init[908]: |    . + o * .* + |
[   34.119745] [cloud-init[0;32m  OK  [0m[908]: ] |     o . +  +oo  |Started Daily apt upgrade and clean activities.

[   34.132736] cloud-init[908]: |      . S o..oo  |
[[0;32m  OK  [0m] Started Ubuntu Advantage Timer for running repeated jobs.
[[0;32m  OK  [0m] Reached target Timers.
[   34.132933] cloud-init[908]: |       o + ..o.  |
[[0;32m  OK  [0m] Reached target Network is Online.
[   34.141471] cloud-init[908]: |      . + . .. . |
[   34.146289] cloud-init[908]: |       o .. =   E|
[   34.148793] cloud-init[908]: |        ooo*     |
[   34.151071] cloud-init[908]: +----[SHA256]-----+
[   34.153256] [cloud-init[0;32m  OK  [0m[908]: ] Generating public/private ecdsa key pair.Reached target Remote File Systems (Pre).

[   34.158602] cloud-init[908]: Your identification has been saved in /etc/ssh/ssh_host_ecdsa_key.
[   34.162552] cloud-init[908]: Your public key has been saved in /etc/ssh/ssh_host_ecdsa_key.pub.
[[   34.166156] [0;32m  OK  [0mcloud-init] [908]: Reached target Remote File Systems.The key fingerprint is:

[   34.166235] cloud-init[908]: SHA256:poc1gXyBMgtmRklPKzbLtKH61odEMf7lOOoJNKo+WHA root@ubuntu-bionic
         Starting Availability of block devices...
[[   34.186436] [0;32m  OK  [0mcloud-init] [908]: Listening on Socket activation for snappy daemon.The key's randomart image is:

[   34.195205] cloud-init[908]: +---[ECDSA 256]---+
[[0;32m  OK  [0m] Listening on LXD - unix socket.
[   34.203092] cloud-init[908]: | oo..  ..        |
[[0;32m  OK  [0m] [   34.205453] Started Availability of block devices.cloud-init
[908]: |  *o=o.. .       |
[[0;32m  OK  [0m] Reached target Sockets.
[[0;32m  OK  [0m] Reached target Basic System.
[   34.210482] cloud-init[908]: | +*oo*o o        |
[   34.216550] cloud-init[908]: |.=E*+  ...       |
         Starting LSB: Record successful boot for GRUB...
[   34.216707] cloud-init[908]: |.o*. . +S        |
[   34.233809]          cloud-initStarting Pollinate to seed the pseudo random number generator...[908]: 
|.o... +=..       |
[   34.246962] [cloud-init[0;32m  OK  [0m[908]: ] |+..o oo..        |Started Deferred execution scheduler.

[   34.251160]          cloud-initStarting Virtualbox guest utils...[908]: 
|oo..+...         |
[   34.257391] cloud-init[908]: |ooo.o.           |
[   34.261680] cloud-init[908]: +----[SHA256]-----+
[   34.264909] cloud-init[908]: Generating public/private ed25519 key pair.
[   34.269134] cloud-init[908]: Your identification has been saved in /etc/ssh/ssh_host_ed25519_key.
[   34.274040] cloud-init[908]: Your public key has been saved in /etc/ssh/ssh_host_ed25519_key.pub.
[   34.278734] cloud-init[908]: The key fingerprint is:
[   34.282873] cloud-init[908]: SHA256:4T1mLbuFyak/VOD43DOYpRoTWW8v5Hwa7hf2t5QZd38 root@ubuntu-bionic
[   34.295156] cloud-init[908]: The key's randomart image is:
         Starting Login Service...
         Starting Permit User Sessions...
         Starting System Logging Service...
[   34.301254] cloud-init[908]: +--[ED25519 256]--+
[   34.336897] cloud-init[908]: |                 |
[   34.339981] cloud-init[908]: |          o      |
[   34.342545] cloud-init[908]: |        .= o     |
[   34.350329] cloud-init[908]: |       .+o..*    |
[   34.356427] cloud-init[908]: |        S+*%.. .o|
[   34.360671] cloud-init[908]: |        o+BBO = B|
[   34.369047] cloud-init[908]: |         =*..O *E|
[   34.373258] cloud-init[908]: |        ...oo o +|
[   34.377380] cloud-init[908]: |        ..oo.. .o|
[   34.390673] cloud-init[908]: +----[SHA256]-----+
         Starting Dispatcher daemon for systemd-networkd...
[[0;32m  OK  [0m] Started FUSE filesystem for LXC.
         Starting LSB: automatic crash report generation...
[[0;32m  OK  [0m] Started irqbalance daemon.
         Starting Accounts Service...
[[0;32m  OK  [0m] Started D-Bus System Message Bus.
[[0;32m  OK  [0m] Started Login Service.
[[0;32m  OK  [0m] Started Unattended Upgrades Shutdown.
[[0;32m  OK  [0m] Started Regular background program processing daemon.
[[0;32m  OK  [0m] Reached target Login Prompts (Pre).
         Starting LXD - container startup/shutdown...
         Starting Snap Daemon...
[[0;32m  OK  [0m] Started System Logging Service.
[[0;32m  OK  [0m] Started Permit User Sessions.
[[0;32m  OK  [0m] Started Dispatcher daemon for systemd-networkd.
         Starting Authorization Manager...
         Starting Terminate Plymouth Boot Screen...
         Starting Hold until boot process finishes up...
[[0;32m  OK  [0m] Started Hold until boot process finishes up.
[[0;32m  OK  [0m] Started Terminate Plymouth Boot Screen.
         Starting Set console scheme...
[[0;32m  OK  [0m] Started Serial Getty on ttyS0.
[[0;32m  OK  [0m] Started LSB: automatic crash report generation.
[[0;32m  OK  [0m] Started Set console scheme.
[[0;32m  OK  [0m] Created slice system-getty.slice.
[[0;32m  OK  [0m] Started Getty on tty1.
[[0;32m  OK  [0m] Reached target Login Prompts.
[[0;32m  OK  [0m] Started LSB: Record successful boot for GRUB.
[[0;32m  OK  [0m] Started Authorization Manager.
[[0;32m  OK  [0m] Started Accounts Service.
[[0;32m  OK  [0m] Started Virtualbox guest utils.
[[0;32m  OK  [0m] Started LXD - container startup/shutdown.
[[0;32m  OK  [0m] Started Pollinate to seed the pseudo random number generator.
         Starting OpenBSD Secure Shell server...
[[0;32m  OK  [0m] Started OpenBSD Secure Shell server.
[[0;32m  OK  [0m] Started Snap Daemon.
         Starting Wait until snapd is fully seeded...
[[0;32m  OK  [0m] Created slice User Slice of vagrant.
         Starting User Manager for UID 1000...
[[0;32m  OK  [0m] Started Session 1 of user vagrant.
         Starting Time & Date Service...
[[0;32m  OK  [0m] Started Time & Date Service.
[[0;32m  OK  [0m] Started User Manager for UID 1000.

Ubuntu 18.04.6 LTS ubuntu-bionic ttyS0

ubuntu-bionic login: [   42.899084] cloud-init[1804]: Cloud-init v. 23.1.2-0ubuntu0~18.04.1 running 'modules:config' at Thu, 04 Jul 2024 20:22:16 +0000. Up 42.26 seconds.
ci-info: no authorized SSH keys fingerprints found for user ubuntu.
<14>Jul  4 20:22:17 cloud-init: #############################################################
<14>Jul  4 20:22:17 cloud-init: -----BEGIN SSH HOST KEY FINGERPRINTS-----
<14>Jul  4 20:22:17 cloud-init: 1024 SHA256:SHXwaeUvrUCIKcVZB1t2PWvQmjVCsC7a1vjKt2dmQf8 root@ubuntu-bionic (DSA)
<14>Jul  4 20:22:17 cloud-init: 256 SHA256:poc1gXyBMgtmRklPKzbLtKH61odEMf7lOOoJNKo+WHA root@ubuntu-bionic (ECDSA)
<14>Jul  4 20:22:17 cloud-init: 256 SHA256:4T1mLbuFyak/VOD43DOYpRoTWW8v5Hwa7hf2t5QZd38 root@ubuntu-bionic (ED25519)
<14>Jul  4 20:22:17 cloud-init: 2048 SHA256:tL77gKisail2hQODJYCVdtb0VQ8IxcCHD0hs592/jW0 root@ubuntu-bionic (RSA)
<14>Jul  4 20:22:17 cloud-init: -----END SSH HOST KEY FINGERPRINTS-----
<14>Jul  4 20:22:17 cloud-init: #############################################################
-----BEGIN SSH HOST KEY KEYS-----
ecdsa-sha2-nistp256 AAAAE2VjZHNhLXNoYTItbmlzdHAyNTYAAAAIbmlzdHAyNTYAAABBBF8ipr7pJkGMoHTJ0JL993SWWbHt6/Cqg8YB9pOntfvoOpR5+LK0FfWhYV7BeNr386Eadl3WRy+Euf+JG4xfzi0= root@ubuntu-bionic
ssh-ed25519 AAAAC3NzaC1lZDI1NTE5AAAAIPfu1lhxpgavibggTAIHNeOVzyVhaI1psqWNOwY90cc7 root@ubuntu-bionic
ssh-rsa AAAAB3NzaC1yc2EAAAADAQABAAABAQC3pXvZeqUEF9tVPntUukncG9FVxtR9hKOMC8IxWjxgHUHV+0YxwAzfggMsWSoTEgTkfPzvMaZVPNyXSDhE5HBNWdqdjC1L9OX1LGJMyZQH6jj+vVhmvrqgnefVDbm5xvZbuNwxzhw+pSgCvQ2Esg46ixrRZQsZE1uJCR3B+0HULXWrFWq6GANGpf5phd9XFJfIC59CgMZyQrzgdvn2vbJS4hTuTAxTLVU6nFC6dUMSkLV9gAhu1fWXgpEpdmKDXx28Q4+cKI/Rfyyde96bsiqq68LjEagdWwBqRVQFXMlZ1asnrAKkalWysAkD7EBXRMm1UULrvSNiP76FzLibdOVz root@ubuntu-bionic
-----END SSH HOST KEY KEYS-----
[   43.744129] cloud-init[1924]: Cloud-init v. 23.1.2-0ubuntu0~18.04.1 running 'modules:final' at Thu, 04 Jul 2024 20:22:17 +0000. Up 43.46 seconds.
[   43.744300] cloud-init[1924]: Cloud-init v. 23.1.2-0ubuntu0~18.04.1 finished at Thu, 04 Jul 2024 20:22:17 +0000. Datasource DataSourceNoCloud [seed=/dev/sdb][dsmode=net].  Up 43.69 seconds
